<?xml version="1.0" encoding="UTF-8"?>
<!-- Generated by org.testng.reporters.JUnitXMLReporter -->
<testsuite ignored="0" hostname="LAPTOP-LD98MK4F" failures="0" tests="1" name="Test" time="0.076" errors="0" timestamp="2023-06-10T00:18:13 IST">
  <testcase classname="org.Testcase.FlipkartTestcase" name="@BeforeClass setup1" time="-1.686336493735E9">
    <failure type="org.testng.TestNGException" message="
Parameter &amp;apos;Port&amp;apos; is required by BeforeClass on method setup1 but has not been marked @Optional or defined
in C:\Users\vishal\Downloads\FlipkartProject-master\FlipkartProject-master\testng1.xml">
      <![CDATA[org.testng.TestNGException: 
Parameter 'Port' is required by BeforeClass on method setup1 but has not been marked @Optional or defined
in C:\Users\vishal\Downloads\FlipkartProject-master\FlipkartProject-master\testng1.xml
at java.base/java.util.ArrayList.forEach(ArrayList.java:1511)
... Removed 22 stack frames]]>
    </failure>
  </testcase> <!-- @BeforeClass setup1 -->
  <testcase classname="org.Testcase.FlipkartTestcase" name="scenarioDemo" time="0.0">
    <skipped/>
  </testcase> <!-- scenarioDemo -->
</testsuite> <!-- Test -->
